TN:
SF:script/ENSExpirationManager.s.sol
FN:25,ENSExpirationManagerScript.configureNetwork
FNDA:0,ENSExpirationManagerScript.configureNetwork
DA:28,0
DA:32,0
DA:33,0
DA:34,0
DA:37,0
DA:38,0
FN:41,ENSExpirationManagerScript.run
FNDA:0,ENSExpirationManagerScript.run
DA:42,0
DA:43,0
BRDA:43,0,0,-
BRDA:43,0,1,-
DA:44,0
DA:46,0
DA:49,0
DA:51,0
DA:59,0
FNF:2
FNH:0
LF:13
LH:0
BRF:2
BRH:0
end_of_record
TN:
SF:src/ENSExpirationManager.sol
FN:123,ENSExpirationManager.withdrawProtocolFees
FNDA:1,ENSExpirationManager.withdrawProtocolFees
DA:124,1
DA:125,1
DA:126,1
FN:132,ENSExpirationManager.transferOwnership
FNDA:0,ENSExpirationManager.transferOwnership
DA:133,0
FN:139,ENSExpirationManager.setPriceOracle
FNDA:0,ENSExpirationManager.setPriceOracle
DA:140,0
BRDA:140,0,0,-
BRDA:140,0,1,-
DA:141,0
DA:143,0
FN:149,ENSExpirationManager.setKeeperRegistryAddress
FNDA:0,ENSExpirationManager.setKeeperRegistryAddress
DA:150,0
BRDA:150,1,0,-
BRDA:150,1,1,-
DA:151,0
DA:153,0
FN:159,ENSExpirationManager.setRegistrarController
FNDA:0,ENSExpirationManager.setRegistrarController
DA:162,0
BRDA:162,2,0,-
BRDA:162,2,1,-
DA:163,0
DA:165,0
FN:171,ENSExpirationManager.setBaseRegistrar
FNDA:0,ENSExpirationManager.setBaseRegistrar
DA:172,0
BRDA:172,3,0,-
BRDA:172,3,1,-
DA:173,0
DA:175,0
FN:181,ENSExpirationManager.setProtocolFee
FNDA:0,ENSExpirationManager.setProtocolFee
DA:182,0
FN:188,ENSExpirationManager.pause
FNDA:0,ENSExpirationManager.pause
DA:189,0
FN:195,ENSExpirationManager.unpause
FNDA:0,ENSExpirationManager.unpause
DA:196,0
FN:206,ENSExpirationManager._stringToTokenId
FNDA:0,ENSExpirationManager._stringToTokenId
DA:209,3
DA:210,3
FN:216,ENSExpirationManager._deleteSubscription
FNDA:1,ENSExpirationManager._deleteSubscription
DA:217,1
DA:218,1
BRDA:218,4,0,-
BRDA:218,4,1,1
DA:219,1
DA:222,1
DA:223,1
DA:224,1
FN:232,ENSExpirationManager._getTokenOwner
FNDA:3,ENSExpirationManager._getTokenOwner
DA:233,3
FN:239,ENSExpirationManager._isExpiring
FNDA:0,ENSExpirationManager._isExpiring
DA:240,0
FN:251,ENSExpirationManager._renewDomain
FNDA:0,ENSExpirationManager._renewDomain
DA:252,0
DA:253,0
DA:259,0
DA:260,0
DA:261,0
DA:262,0
FN:272,ENSExpirationManager.getProtocolFeePoolBalance
FNDA:4,ENSExpirationManager.getProtocolFeePoolBalance
DA:273,4
FN:279,ENSExpirationManager.topUpDeposit
FNDA:0,ENSExpirationManager.topUpDeposit
DA:280,0
BRDA:280,5,0,-
BRDA:280,5,1,-
DA:281,0
DA:283,0
DA:284,0
FN:290,ENSExpirationManager.withdrawDeposit
FNDA:0,ENSExpirationManager.withdrawDeposit
DA:291,0
BRDA:291,6,0,-
BRDA:291,6,1,-
DA:292,0
DA:294,0
DA:295,0
DA:296,0
FN:302,ENSExpirationManager.addSubscription
FNDA:3,ENSExpirationManager.addSubscription
DA:307,3
DA:308,3
DA:309,3
DA:314,3
BRDA:314,7,0,-
BRDA:314,7,1,3
DA:315,0
DA:318,3
BRDA:317,8,0,-
BRDA:317,8,1,3
DA:321,0
DA:323,3
BRDA:323,9,0,-
BRDA:323,9,1,3
DA:324,0
DA:326,3
BRDA:326,10,0,-
BRDA:326,10,1,3
DA:327,0
DA:329,3
DA:335,3
DA:336,3
DA:337,3
DA:338,3
DA:339,3
FN:350,ENSExpirationManager.removeSubscriptions
FNDA:1,ENSExpirationManager.removeSubscriptions
DA:351,1
DA:353,1
BRDA:352,11,0,-
BRDA:352,11,1,1
DA:356,0
DA:359,1
FN:366,ENSExpirationManager.getSubscription
FNDA:0,ENSExpirationManager.getSubscription
DA:369,0
FN:381,ENSExpirationManager.checkUpkeep
FNDA:0,ENSExpirationManager.checkUpkeep
DA:384,0
DA:385,0
DA:386,0
DA:387,0
DA:389,0
DA:390,0
DA:392,0
BRDA:392,12,0,-
BRDA:392,12,1,-
DA:393,0
DA:394,0
DA:395,0
DA:396,0
DA:399,0
BRDA:398,13,0,-
BRDA:398,13,1,-
DA:409,0
DA:412,0
DA:413,0
DA:416,0
BRDA:416,14,0,-
BRDA:416,14,1,-
DA:417,0
DA:418,0
DA:423,0
FN:430,ENSExpirationManager.performUpkeep
FNDA:0,ENSExpirationManager.performUpkeep
DA:433,0
DA:434,0
DA:435,0
DA:439,0
BRDA:439,15,0,-
BRDA:439,15,1,-
DA:440,0
DA:441,0
DA:444,0
DA:445,0
FNF:22
FNH:6
LF:94
LH:29
BRF:32
BRH:6
end_of_record
